2020-04-01 13:40:55 +0000  Initial pipeline context: <IDEDistributionProcessingPipelineContext: 0x7fe73741a500; archive(resolved)='<IDEArchive: 0x7fe733baf420>', distributionTask(resolved)='2', distributionDestination(resolved)='1', distributionMethod(resolved)='<IDEDistributionMethodDevelopmentSigned: 0x7fe72e4dd9f0>', team(resolved)='<IDEProvisioningDisambiguatableBasicTeam: 0x7fe73373a440; teamID='37XF7678WV', teamName='Shenzhen TOGEVISION TECHNOLOGY CO.,LTD', teamType='Company', username='wangzhangchuan0502@163.com', isFreeProvisioningTeam='0'>'>
	Chain (13, self inclusive):
	<IDEDistributionProcessingPipelineContext: 0x7fe73741a500; archive = '<IDEArchive: 0x7fe733baf420>', distributionMethod='<IDEDistributionMethodDevelopmentSigned: 0x7fe72e4dd9f0>', team='<IDEProvisioningDisambiguatableBasicTeam: 0x7fe73373a440; teamID='37XF7678WV', teamName='Shenzhen TOGEVISION TECHNOLOGY CO.,LTD', teamType='Company', username='wangzhangchuan0502@163.com', isFreeProvisioningTeam='0'>'>
	<IDEDistributionProcessingPipelineContext: 0x7fe736f61820; archive = '<IDEArchive: 0x7fe733baf420>', distributionMethod='<IDEDistributionMethodDevelopmentSigned: 0x7fe72e4dd9f0>', team='<IDEProvisioningDisambiguatableBasicTeam: 0x7fe73373a440; teamID='37XF7678WV', teamName='Shenzhen TOGEVISION TECHNOLOGY CO.,LTD', teamType='Company', username='wangzhangchuan0502@163.com', isFreeProvisioningTeam='0'>'>
	<IDEDistributionContext: 0x7fe735fe00c0; archive = '<IDEArchive: 0x7fe733baf420>', distributionMethod='<IDEDistributionMethodDevelopmentSigned: 0x7fe72e4dd9f0>', team='<IDEProvisioningDisambiguatableBasicTeam: 0x7fe73373a440; teamID='37XF7678WV', teamName='Shenzhen TOGEVISION TECHNOLOGY CO.,LTD', teamType='Company', username='wangzhangchuan0502@163.com', isFreeProvisioningTeam='0'>'>
	<IDEDistributionContext: 0x7fe737a01f50; archive = '<IDEArchive: 0x7fe733baf420>', distributionMethod='<IDEDistributionMethodDevelopmentSigned: 0x7fe72e4dd9f0>', team='<IDEProvisioningDisambiguatableBasicTeam: 0x7fe73373a440; teamID='37XF7678WV', teamName='Shenzhen TOGEVISION TECHNOLOGY CO.,LTD', teamType='Company', username='wangzhangchuan0502@163.com', isFreeProvisioningTeam='0'>'>
	<IDEDistributionContext: 0x7fe737ca0a30; archive = '<IDEArchive: 0x7fe733baf420>', distributionMethod='<IDEDistributionMethodDevelopmentSigned: 0x7fe72e4dd9f0>', team='<IDEProvisioningDisambiguatableBasicTeam: 0x7fe73373a440; teamID='37XF7678WV', teamName='Shenzhen TOGEVISION TECHNOLOGY CO.,LTD', teamType='Company', username='wangzhangchuan0502@163.com', isFreeProvisioningTeam='0'>'>
	<IDEDistributionContext: 0x7fe737ca3fe0; archive = '<IDEArchive: 0x7fe733baf420>', distributionMethod='<IDEDistributionMethodDevelopmentSigned: 0x7fe72e4dd9f0>', team='<IDEProvisioningDisambiguatableBasicTeam: 0x7fe73373a440; teamID='37XF7678WV', teamName='Shenzhen TOGEVISION TECHNOLOGY CO.,LTD', teamType='Company', username='wangzhangchuan0502@163.com', isFreeProvisioningTeam='0'>'>
	<IDEDistributionContext: 0x7fe7383a4e10; archive = '<IDEArchive: 0x7fe733baf420>', distributionMethod='<IDEDistributionMethodDevelopmentSigned: 0x7fe72e4dd9f0>', team='<IDEProvisioningDisambiguatableBasicTeam: 0x7fe73373a440; teamID='37XF7678WV', teamName='Shenzhen TOGEVISION TECHNOLOGY CO.,LTD', teamType='Company', username='wangzhangchuan0502@163.com', isFreeProvisioningTeam='0'>'>
	<IDEDistributionContext: 0x7fe7383c75a0; archive = '<IDEArchive: 0x7fe733baf420>', distributionMethod='<IDEDistributionMethodDevelopmentSigned: 0x7fe72e4dd9f0>', team='<IDEProvisioningDisambiguatableBasicTeam: 0x7fe73373a440; teamID='37XF7678WV', teamName='Shenzhen TOGEVISION TECHNOLOGY CO.,LTD', teamType='Company', username='wangzhangchuan0502@163.com', isFreeProvisioningTeam='0'>'>
	<IDEDistributionContext: 0x7fe736e17e00; archive = '<IDEArchive: 0x7fe733baf420>', distributionMethod='<IDEDistributionMethodDevelopmentSigned: 0x7fe72e4dd9f0>', team='<IDEProvisioningDisambiguatableBasicTeam: 0x7fe73373a440; teamID='37XF7678WV', teamName='Shenzhen TOGEVISION TECHNOLOGY CO.,LTD', teamType='Company', username='wangzhangchuan0502@163.com', isFreeProvisioningTeam='0'>'>
	<IDEDistributionContext: 0x7fe7332c8120; archive = '<IDEArchive: 0x7fe733baf420>', distributionMethod='<IDEDistributionMethodDevelopmentSigned: 0x7fe72e4dd9f0>', team='(null)'>
	<IDEDistributionContext: 0x7fe737a95c10; archive = '<IDEArchive: 0x7fe733baf420>', distributionMethod='<IDEDistributionMethodDevelopmentSigned: 0x7fe72e4dd9f0>', team='(null)'>
	<IDEDistributionContext: 0x7fe735c6bb40; archive = '<IDEArchive: 0x7fe733baf420>', distributionMethod='<IDEDistributionMethodDevelopmentSigned: 0x7fe72e4dd9f0>', team='(null)'>
	<IDEDistributionContext: 0x7fe734598e60; archive = '<IDEArchive: 0x7fe733baf420>', distributionMethod='(null)', team='(null)'>
</IDEDistributionProcessingPipelineContext: 0x7fe73741a500>
2020-04-01 13:40:55 +0000  Processing step: IDEDistributionCreateDestRootStep
2020-04-01 13:40:55 +0000  Processing step: IDEDistributionCopyItemStep
2020-04-01 13:40:55 +0000  Running /usr/bin/ditto '-V' '/Users/wangzhangchuan/Library/Developer/Xcode/Archives/2020-04-01/TiGame 2020-4-1, 9.38 PM.xcarchive/Products/Applications/钛电竞Test.app' '/var/folders/1g/qf8kqrds3qndwrgbv4qxb9vh0000gn/T/XcodeDistPipeline.~~~Sduuob/Root/Payload/钛电竞Test.app'
2020-04-01 13:40:55 +0000  >>> Copying /Users/wangzhangchuan/Library/Developer/Xcode/Archives/2020-04-01/TiGame 2020-4-1, 9.38 PM.xcarchive/Products/Applications/钛电竞Test.app 
2020-04-01 13:40:55 +0000  copying file ./che.png ... 
2020-04-01 13:40:55 +0000  7850 bytes for ./che.png
2020-04-01 13:40:55 +0000  copying file ./_CodeSignature/CodeResources ... 
2020-04-01 13:40:55 +0000  54510 bytes for ./_CodeSignature/CodeResources
2020-04-01 13:40:55 +0000  copying file ./AppIcon20x20@2x.png ... 
2020-04-01 13:40:55 +0000  1458 bytes for ./AppIcon20x20@2x.png
2020-04-01 13:40:55 +0000  copying file ./TICSBombDefusedCell.nib/objects-13.0+.nib ... 
2020-04-01 13:40:55 +0000  3238 bytes for ./TICSBombDefusedCell.nib/objects-13.0+.nib
copying file ./TICSBombDefusedCell.nib/runtime.nib ... 
2020-04-01 13:40:55 +0000  3043 bytes for ./TICSBombDefusedCell.nib/runtime.nib
2020-04-01 13:40:55 +0000  copying file ./TILiveBattleListCell.nib/objects-13.0+.nib ... 
2020-04-01 13:40:55 +0000  9825 bytes for ./TILiveBattleListCell.nib/objects-13.0+.nib
2020-04-01 13:40:55 +0000  copying file ./TILiveBattleListCell.nib/runtime.nib ... 
2020-04-01 13:40:55 +0000  9632 bytes for ./TILiveBattleListCell.nib/runtime.nib
2020-04-01 13:40:55 +0000  copying file ./TICSGOMapCell.nib/objects-13.0+.nib ... 
2020-04-01 13:40:55 +0000  4302 bytes for ./TICSGOMapCell.nib/objects-13.0+.nib
copying file ./TICSGOMapCell.nib/runtime.nib ... 
2020-04-01 13:40:55 +0000  4108 bytes for ./TICSGOMapCell.nib/runtime.nib
2020-04-01 13:40:55 +0000  copying file ./TIDotaMap.nib/objects-13.0+.nib ... 
2020-04-01 13:40:55 +0000  16872 bytes for ./TIDotaMap.nib/objects-13.0+.nib
copying file ./TIDotaMap.nib/objects-11.0+.nib ... 
2020-04-01 13:40:55 +0000  16705 bytes for ./TIDotaMap.nib/objects-11.0+.nib
2020-04-01 13:40:55 +0000  copying file ./TIDotaMap.nib/runtime.nib ... 
2020-04-01 13:40:55 +0000  16042 bytes for ./TIDotaMap.nib/runtime.nib
2020-04-01 13:40:55 +0000  copying file ./SGQRCode.bundle/sound.caf ... 
2020-04-01 13:40:55 +0000  129556 bytes for ./SGQRCode.bundle/sound.caf
2020-04-01 13:40:55 +0000  copying file ./SGQRCode.bundle/QRCodeScanLine@3x.png ... 
2020-04-01 13:40:55 +0000  3891 bytes for ./SGQRCode.bundle/QRCodeScanLine@3x.png
2020-04-01 13:40:55 +0000  copying file ./SGQRCode.bundle/en.lproj/Root.strings ... 
2020-04-01 13:40:55 +0000  546 bytes for ./SGQRCode.bundle/en.lproj/Root.strings
2020-04-01 13:40:55 +0000  copying file ./SGQRCode.bundle/QRCodeScanLine@2x.png ... 
2020-04-01 13:40:55 +0000  2231 bytes for ./SGQRCode.bundle/QRCodeScanLine@2x.png
copying file ./SGQRCode.bundle/QRCodeScanLineGrid@3x.png ... 
2020-04-01 13:40:55 +0000  14817 bytes for ./SGQRCode.bundle/QRCodeScanLineGrid@3x.png
2020-04-01 13:40:55 +0000  copying file ./SGQRCode.bundle/QRCodeScanLineGrid@2x.png ... 
2020-04-01 13:40:55 +0000  7999 bytes for ./SGQRCode.bundle/QRCodeScanLineGrid@2x.png
2020-04-01 13:40:55 +0000  copying file ./SGQRCode.bundle/Root.plist ... 
2020-04-01 13:40:55 +0000  1456 bytes for ./SGQRCode.bundle/Root.plist
2020-04-01 13:40:55 +0000  copying file ./TICSRoundEndCell.nib/objects-13.0+.nib ... 
2020-04-01 13:40:55 +0000  4823 bytes for ./TICSRoundEndCell.nib/objects-13.0+.nib
2020-04-01 13:40:55 +0000  copying file ./TICSRoundEndCell.nib/runtime.nib ... 
2020-04-01 13:40:55 +0000  4638 bytes for ./TICSRoundEndCell.nib/runtime.nib
2020-04-01 13:40:55 +0000  copying file ./AppIcon20x20@3x.png ... 
2020-04-01 13:40:55 +0000  1987 bytes for ./AppIcon20x20@3x.png
2020-04-01 13:40:55 +0000  copying file ./TICSLogKillCell.nib/objects-13.0+.nib ... 
2020-04-01 13:40:55 +0000  4274 bytes for ./TICSLogKillCell.nib/objects-13.0+.nib
2020-04-01 13:40:55 +0000  copying file ./TICSLogKillCell.nib/runtime.nib ... 
2020-04-01 13:40:55 +0000  4011 bytes for ./TICSLogKillCell.nib/runtime.nib
2020-04-01 13:40:55 +0000  copying file ./MJRefresh.bundle/zh-Hans.lproj/Localizable.strings ... 
2020-04-01 13:40:55 +0000  1194 bytes for ./MJRefresh.bundle/zh-Hans.lproj/Localizable.strings
2020-04-01 13:40:55 +0000  copying file ./MJRefresh.bundle/en.lproj/Localizable.strings ... 
2020-04-01 13:40:55 +0000  1374 bytes for ./MJRefresh.bundle/en.lproj/Localizable.strings
2020-04-01 13:40:55 +0000  copying file ./MJRefresh.bundle/uk.lproj/Localizable.strings ... 
2020-04-01 13:40:55 +0000  1534 bytes for ./MJRefresh.bundle/uk.lproj/Localizable.strings
2020-04-01 13:40:55 +0000  copying file ./MJRefresh.bundle/arrow@2x.png ... 
2020-04-01 13:40:55 +0000  1033 bytes for ./MJRefresh.bundle/arrow@2x.png
2020-04-01 13:40:55 +0000  copying file ./MJRefresh.bundle/ko.lproj/Localizable.strings ... 
2020-04-01 13:40:55 +0000  771 bytes for ./MJRefresh.bundle/ko.lproj/Localizable.strings
2020-04-01 13:40:55 +0000  copying file ./MJRefresh.bundle/zh-Hant.lproj/Localizable.strings ... 
2020-04-01 13:40:55 +0000  773 bytes for ./MJRefresh.bundle/zh-Hant.lproj/Localizable.strings
2020-04-01 13:40:55 +0000  copying file ./MJRefresh.bundle/ru.lproj/Localizable.strings ... 
2020-04-01 13:40:55 +0000  1502 bytes for ./MJRefresh.bundle/ru.lproj/Localizable.strings
2020-04-01 13:40:55 +0000  copying file ./TIRecentGameCell.nib/objects-13.0+.nib ... 
2020-04-01 13:40:55 +0000  7775 bytes for ./TIRecentGameCell.nib/objects-13.0+.nib
2020-04-01 13:40:55 +0000  copying file ./TIRecentGameCell.nib/runtime.nib ... 
2020-04-01 13:40:55 +0000  7587 bytes for ./TIRecentGameCell.nib/runtime.nib
2020-04-01 13:40:55 +0000  copying file ./TIDotaMapLiveVC.nib/objects-13.0+.nib ... 
2020-04-01 13:40:55 +0000  28495 bytes for ./TIDotaMapLiveVC.nib/objects-13.0+.nib
2020-04-01 13:40:55 +0000  copying file ./TIDotaMapLiveVC.nib/objects-11.0+.nib ... 
2020-04-01 13:40:55 +0000  28340 bytes for ./TIDotaMapLiveVC.nib/objects-11.0+.nib
2020-04-01 13:40:55 +0000  copying file ./TIDotaMapLiveVC.nib/runtime.nib ... 
2020-04-01 13:40:55 +0000  27679 bytes for ./TIDotaMapLiveVC.nib/runtime.nib
2020-04-01 13:40:55 +0000  copying file ./AppIcon60x60@2x.png ... 
2020-04-01 13:40:55 +0000  4345 bytes for ./AppIcon60x60@2x.png
2020-04-01 13:40:55 +0000  copying file ./IQKeyboardManager.bundle/IQButtonBarArrowRight@2x.png ... 
2020-04-01 13:40:55 +0000  1786 bytes for ./IQKeyboardManager.bundle/IQButtonBarArrowRight@2x.png
2020-04-01 13:40:55 +0000  copying file ./IQKeyboardManager.bundle/IQButtonBarArrowUp@3x.png ... 
2020-04-01 13:40:55 +0000  2164 bytes for ./IQKeyboardManager.bundle/IQButtonBarArrowUp@3x.png
copying file ./IQKeyboardManager.bundle/IQButtonBarArrowUp@2x.png ... 
2020-04-01 13:40:55 +0000  1769 bytes for ./IQKeyboardManager.bundle/IQButtonBarArrowUp@2x.png
2020-04-01 13:40:55 +0000  copying file ./IQKeyboardManager.bundle/IQButtonBarArrowRight@3x.png ... 
2020-04-01 13:40:55 +0000  1844 bytes for ./IQKeyboardManager.bundle/IQButtonBarArrowRight@3x.png
copying file ./IQKeyboardManager.bundle/IQButtonBarArrowLeft@3x.png ... 
2020-04-01 13:40:55 +0000  1815 bytes for ./IQKeyboardManager.bundle/IQButtonBarArrowLeft@3x.png
copying file ./IQKeyboardManager.bundle/IQButtonBarArrowDown@3x.png ... 
2020-04-01 13:40:55 +0000  2177 bytes for ./IQKeyboardManager.bundle/IQButtonBarArrowDown@3x.png
2020-04-01 13:40:55 +0000  copying file ./IQKeyboardManager.bundle/IQButtonBarArrowDown@2x.png ... 
2020-04-01 13:40:55 +0000  1764 bytes for ./IQKeyboardManager.bundle/IQButtonBarArrowDown@2x.png
copying file ./IQKeyboardManager.bundle/IQButtonBarArrowLeft@2x.png ... 
2020-04-01 13:40:55 +0000  1793 bytes for ./IQKeyboardManager.bundle/IQButtonBarArrowLeft@2x.png
2020-04-01 13:40:55 +0000  copying file ./AppIcon29x29@2x.png ... 
2020-04-01 13:40:55 +0000  2007 bytes for ./AppIcon29x29@2x.png
2020-04-01 13:40:55 +0000  copying file ./TIDotaTeamInfoCell.nib/objects-13.0+.nib ... 
2020-04-01 13:40:55 +0000  13124 bytes for ./TIDotaTeamInfoCell.nib/objects-13.0+.nib
copying file ./TIDotaTeamInfoCell.nib/runtime.nib ... 
2020-04-01 13:40:55 +0000  12927 bytes for ./TIDotaTeamInfoCell.nib/runtime.nib
2020-04-01 13:40:55 +0000  copying file ./TITeamVSCell.nib/objects-13.0+.nib ... 
2020-04-01 13:40:55 +0000  4087 bytes for ./TITeamVSCell.nib/objects-13.0+.nib
2020-04-01 13:40:55 +0000  copying file ./TITeamVSCell.nib/runtime.nib ... 
2020-04-01 13:40:55 +0000  3898 bytes for ./TITeamVSCell.nib/runtime.nib
2020-04-01 13:40:55 +0000  copying file ./AppIcon40x40@3x.png ... 
2020-04-01 13:40:55 +0000  4345 bytes for ./AppIcon40x40@3x.png
2020-04-01 13:40:55 +0000  copying file ./TZImagePickerController.bundle/de.lproj/Localizable.strings ... 
2020-04-01 13:40:55 +0000  1737 bytes for ./TZImagePickerController.bundle/de.lproj/Localizable.strings
2020-04-01 13:40:55 +0000  copying file ./TZImagePickerController.bundle/he.lproj/Localizable.strings ... 
2020-04-01 13:40:55 +0000  953 bytes for ./TZImagePickerController.bundle/he.lproj/Localizable.strings
2020-04-01 13:40:55 +0000  copying file ./TZImagePickerController.bundle/ar.lproj/Localizable.strings ... 
2020-04-01 13:40:55 +0000  2068 bytes for ./TZImagePickerController.bundle/ar.lproj/Localizable.strings
2020-04-01 13:40:55 +0000  copying file ./TZImagePickerController.bundle/el.lproj/Localizable.strings ... 
2020-04-01 13:40:55 +0000  1151 bytes for ./TZImagePickerController.bundle/el.lproj/Localizable.strings
2020-04-01 13:40:55 +0000  copying file ./TZImagePickerController.bundle/takePicture@2x.png ... 
2020-04-01 13:40:55 +0000  3054 bytes for ./TZImagePickerController.bundle/takePicture@2x.png
2020-04-01 13:40:55 +0000  copying file ./TZImagePickerController.bundle/zh-Hans.lproj/Localizable.strings ... 
2020-04-01 13:40:55 +0000  2428 bytes for ./TZImagePickerController.bundle/zh-Hans.lproj/Localizable.strings
2020-04-01 13:40:55 +0000  copying file ./TZImagePickerController.bundle/ja.lproj/Localizable.strings ... 
2020-04-01 13:40:55 +0000  1956 bytes for ./TZImagePickerController.bundle/ja.lproj/Localizable.strings
2020-04-01 13:40:55 +0000  copying file ./TZImagePickerController.bundle/photo_sel_photoPickerVc@2x.png ... 
2020-04-01 13:40:55 +0000  1006 bytes for ./TZImagePickerController.bundle/photo_sel_photoPickerVc@2x.png
2020-04-01 13:40:55 +0000  copying file ./TZImagePickerController.bundle/en.lproj/Localizable.strings ... 
2020-04-01 13:40:55 +0000  3138 bytes for ./TZImagePickerController.bundle/en.lproj/Localizable.strings
2020-04-01 13:40:55 +0000  copying file ./TZImagePickerController.bundle/uk.lproj/Localizable.strings ... 
2020-04-01 13:40:55 +0000  1096 bytes for ./TZImagePickerController.bundle/uk.lproj/Localizable.strings
2020-04-01 13:40:55 +0000  copying file ./TZImagePickerController.bundle/MMVideoPreviewPlayHL@2x.png ... 
2020-04-01 13:40:55 +0000  3645 bytes for ./TZImagePickerController.bundle/MMVideoPreviewPlayHL@2x.png
2020-04-01 13:40:55 +0000  copying file ./TZImagePickerController.bundle/es.lproj/Localizable.strings ... 
2020-04-01 13:40:55 +0000  1685 bytes for ./TZImagePickerController.bundle/es.lproj/Localizable.strings
2020-04-01 13:40:55 +0000  copying file ./TZImagePickerController.bundle/photo_sel_previewVc@2x.png ... 
2020-04-01 13:40:55 +0000  1183 bytes for ./TZImagePickerController.bundle/photo_sel_previewVc@2x.png
2020-04-01 13:40:55 +0000  copying file ./TZImagePickerController.bundle/MMVideoPreviewPlay@2x.png ... 
2020-04-01 13:40:55 +0000  3645 bytes for ./TZImagePickerController.bundle/MMVideoPreviewPlay@2x.png
2020-04-01 13:40:55 +0000  copying file ./TZImagePickerController.bundle/it.lproj/Localizable.strings ... 
2020-04-01 13:40:55 +0000  873 bytes for ./TZImagePickerController.bundle/it.lproj/Localizable.strings
2020-04-01 13:40:55 +0000  copying file ./TZImagePickerController.bundle/bg.lproj/Localizable.strings ... 
2020-04-01 13:40:55 +0000  1080 bytes for ./TZImagePickerController.bundle/bg.lproj/Localizable.strings
2020-04-01 13:40:55 +0000  copying file ./TZImagePickerController.bundle/sk.lproj/Localizable.strings ... 
2020-04-01 13:40:55 +0000  879 bytes for ./TZImagePickerController.bundle/sk.lproj/Localizable.strings
2020-04-01 13:40:55 +0000  copying file ./TZImagePickerController.bundle/preview_original_def@2x.png ... 
2020-04-01 13:40:55 +0000  392 bytes for ./TZImagePickerController.bundle/preview_original_def@2x.png
2020-04-01 13:40:55 +0000  copying file ./TZImagePickerController.bundle/sv.lproj/Localizable.strings ... 
2020-04-01 13:40:55 +0000  824 bytes for ./TZImagePickerController.bundle/sv.lproj/Localizable.strings
2020-04-01 13:40:55 +0000  copying file ./TZImagePickerController.bundle/photo_def_previewVc@2x.png ... 
2020-04-01 13:40:55 +0000  1155 bytes for ./TZImagePickerController.bundle/photo_def_previewVc@2x.png
2020-04-01 13:40:55 +0000  copying file ./TZImagePickerController.bundle/ko.lproj/Localizable.strings ... 
2020-04-01 13:40:55 +0000  886 bytes for ./TZImagePickerController.bundle/ko.lproj/Localizable.strings
2020-04-01 13:40:55 +0000  copying file ./TZImagePickerController.bundle/photo_original_sel@2x.png ... 
2020-04-01 13:40:55 +0000  620 bytes for ./TZImagePickerController.bundle/photo_original_sel@2x.png
2020-04-01 13:40:55 +0000  copying file ./TZImagePickerController.bundle/ko-KP.lproj/Localizable.strings ... 
2020-04-01 13:40:55 +0000  1868 bytes for ./TZImagePickerController.bundle/ko-KP.lproj/Localizable.strings
2020-04-01 13:40:55 +0000  copying file ./TZImagePickerController.bundle/zh-Hant.lproj/Localizable.strings ... 
2020-04-01 13:40:55 +0000  2424 bytes for ./TZImagePickerController.bundle/zh-Hant.lproj/Localizable.strings
2020-04-01 13:40:55 +0000  copying file ./TZImagePickerController.bundle/takePicture80@2x.png ... 
2020-04-01 13:40:55 +0000  1285 bytes for ./TZImagePickerController.bundle/takePicture80@2x.png
2020-04-01 13:40:55 +0000  copying file ./TZImagePickerController.bundle/photo_def_photoPickerVc@2x.png ... 
2020-04-01 13:40:55 +0000  1155 bytes for ./TZImagePickerController.bundle/photo_def_photoPickerVc@2x.png
2020-04-01 13:40:55 +0000  copying file ./TZImagePickerController.bundle/tr.lproj/Localizable.strings ... 
2020-04-01 13:40:55 +0000  844 bytes for ./TZImagePickerController.bundle/tr.lproj/Localizable.strings
2020-04-01 13:40:55 +0000  copying file ./TZImagePickerController.bundle/pl.lproj/Localizable.strings ... 
2020-04-01 13:40:55 +0000  858 bytes for ./TZImagePickerController.bundle/pl.lproj/Localizable.strings
2020-04-01 13:40:55 +0000  copying file ./TZImagePickerController.bundle/preview_number_icon@2x.png ... 
2020-04-01 13:40:55 +0000  501 bytes for ./TZImagePickerController.bundle/preview_number_icon@2x.png
2020-04-01 13:40:55 +0000  copying file ./TZImagePickerController.bundle/vi.lproj/Localizable.strings ... 
2020-04-01 13:40:55 +0000  1899 bytes for ./TZImagePickerController.bundle/vi.lproj/Localizable.strings
2020-04-01 13:40:55 +0000  copying file ./TZImagePickerController.bundle/navi_back@2x.png ... 
2020-04-01 13:40:55 +0000  116 bytes for ./TZImagePickerController.bundle/navi_back@2x.png
2020-04-01 13:40:55 +0000  copying file ./TZImagePickerController.bundle/ru.lproj/Localizable.strings ... 
2020-04-01 13:40:55 +0000  2276 bytes for ./TZImagePickerController.bundle/ru.lproj/Localizable.strings
2020-04-01 13:40:55 +0000  copying file ./TZImagePickerController.bundle/cs-CZ.lproj/Localizable.strings ... 
2020-04-01 13:40:55 +0000  822 bytes for ./TZImagePickerController.bundle/cs-CZ.lproj/Localizable.strings
2020-04-01 13:40:55 +0000  copying file ./TZImagePickerController.bundle/photo_original_def@2x.png ... 
2020-04-01 13:40:55 +0000  1602 bytes for ./TZImagePickerController.bundle/photo_original_def@2x.png
2020-04-01 13:40:55 +0000  copying file ./TZImagePickerController.bundle/fr.lproj/Localizable.strings ... 
2020-04-01 13:40:55 +0000  1821 bytes for ./TZImagePickerController.bundle/fr.lproj/Localizable.strings
2020-04-01 13:40:55 +0000  copying file ./TZImagePickerController.bundle/nl.lproj/Localizable.strings ... 
2020-04-01 13:40:55 +0000  821 bytes for ./TZImagePickerController.bundle/nl.lproj/Localizable.strings
2020-04-01 13:40:55 +0000  copying file ./TZImagePickerController.bundle/th.lproj/Localizable.strings ... 
2020-04-01 13:40:55 +0000  1247 bytes for ./TZImagePickerController.bundle/th.lproj/Localizable.strings
2020-04-01 13:40:55 +0000  copying file ./TZImagePickerController.bundle/pt.lproj/Localizable.strings ... 
2020-04-01 13:40:55 +0000  1716 bytes for ./TZImagePickerController.bundle/pt.lproj/Localizable.strings
2020-04-01 13:40:55 +0000  copying file ./TZImagePickerController.bundle/photo_number_icon@2x.png ... 
2020-04-01 13:40:55 +0000  501 bytes for ./TZImagePickerController.bundle/photo_number_icon@2x.png
copying file ./TZImagePickerController.bundle/VideoSendIcon@2x.png ... 
2020-04-01 13:40:55 +0000  223 bytes for ./TZImagePickerController.bundle/VideoSendIcon@2x.png
2020-04-01 13:40:55 +0000  copying file ./TZImagePickerController.bundle/ro.lproj/Localizable.strings ... 
2020-04-01 13:40:55 +0000  887 bytes for ./TZImagePickerController.bundle/ro.lproj/Localizable.strings
2020-04-01 13:40:55 +0000  copying file ./TIRecentBattleCell.nib/objects-13.0+.nib ... 
2020-04-01 13:40:55 +0000  11903 bytes for ./TIRecentBattleCell.nib/objects-13.0+.nib
2020-04-01 13:40:55 +0000  copying file ./TIRecentBattleCell.nib/runtime.nib ... 
2020-04-01 13:40:55 +0000  11456 bytes for ./TIRecentBattleCell.nib/runtime.nib
2020-04-01 13:40:55 +0000  copying file ./TICSLogCell.nib/objects-13.0+.nib ... 
2020-04-01 13:40:55 +0000  3376 bytes for ./TICSLogCell.nib/objects-13.0+.nib
copying file ./TICSLogCell.nib/runtime.nib ... 
2020-04-01 13:40:55 +0000  3179 bytes for ./TICSLogCell.nib/runtime.nib
2020-04-01 13:40:55 +0000  copying file ./AppIcon40x40@2x.png ... 
2020-04-01 13:40:55 +0000  2877 bytes for ./AppIcon40x40@2x.png
2020-04-01 13:40:55 +0000  copying file ./TILiveChartCell.nib/objects-13.0+.nib ... 
2020-04-01 13:40:55 +0000  2526 bytes for ./TILiveChartCell.nib/objects-13.0+.nib
copying file ./TILiveChartCell.nib/runtime.nib ... 
2020-04-01 13:40:55 +0000  2023 bytes for ./TILiveChartCell.nib/runtime.nib
2020-04-01 13:40:55 +0000  copying file ./TIBattleArrayCoreDataCell.nib/objects-13.0+.nib ... 
2020-04-01 13:40:55 +0000  22170 bytes for ./TIBattleArrayCoreDataCell.nib/objects-13.0+.nib
2020-04-01 13:40:55 +0000  copying file ./TIBattleArrayCoreDataCell.nib/runtime.nib ... 
2020-04-01 13:40:55 +0000  21895 bytes for ./TIBattleArrayCoreDataCell.nib/runtime.nib
2020-04-01 13:40:55 +0000  copying file ./AppIcon29x29@3x.png ... 
2020-04-01 13:40:55 +0000  3078 bytes for ./AppIcon29x29@3x.png
2020-04-01 13:40:55 +0000  copying file ./TIPlayerVC.nib/objects-13.0+.nib ... 
2020-04-01 13:40:55 +0000  1204 bytes for ./TIPlayerVC.nib/objects-13.0+.nib
copying file ./TIPlayerVC.nib/runtime.nib ... 
2020-04-01 13:40:55 +0000  1011 bytes for ./TIPlayerVC.nib/runtime.nib
2020-04-01 13:40:55 +0000  copying file ./AppIcon60x60@3x.png ... 
2020-04-01 13:40:55 +0000  7510 bytes for ./AppIcon60x60@3x.png
2020-04-01 13:40:55 +0000  copying file ./Base.lproj/Main.storyboardc/5mA-BN-mBx-view-KnG-Xx-pF5.nib/objects-13.0+.nib ... 
2020-04-01 13:40:55 +0000  1197 bytes for ./Base.lproj/Main.storyboardc/5mA-BN-mBx-view-KnG-Xx-pF5.nib/objects-13.0+.nib
2020-04-01 13:40:55 +0000  copying file ./Base.lproj/Main.storyboardc/5mA-BN-mBx-view-KnG-Xx-pF5.nib/runtime.nib ... 
2020-04-01 13:40:55 +0000  2054 bytes for ./Base.lproj/Main.storyboardc/5mA-BN-mBx-view-KnG-Xx-pF5.nib/runtime.nib
2020-04-01 13:40:55 +0000  copying file ./Base.lproj/Main.storyboardc/13c-hD-ZP9-view-BeB-59-qlB.nib/objects-13.0+.nib ... 
2020-04-01 13:40:55 +0000  1197 bytes for ./Base.lproj/Main.storyboardc/13c-hD-ZP9-view-BeB-59-qlB.nib/objects-13.0+.nib
2020-04-01 13:40:55 +0000  copying file ./Base.lproj/Main.storyboardc/13c-hD-ZP9-view-BeB-59-qlB.nib/runtime.nib ... 
2020-04-01 13:40:55 +0000  2051 bytes for ./Base.lproj/Main.storyboardc/13c-hD-ZP9-view-BeB-59-qlB.nib/runtime.nib
2020-04-01 13:40:55 +0000  copying file ./Base.lproj/Main.storyboardc/UITabBarController-MdC-N8-zf5.nib/objects-13.0+.nib ... 
2020-04-01 13:40:55 +0000  2130 bytes for ./Base.lproj/Main.storyboardc/UITabBarController-MdC-N8-zf5.nib/objects-13.0+.nib
2020-04-01 13:40:55 +0000  copying file ./Base.lproj/Main.storyboardc/UITabBarController-MdC-N8-zf5.nib/runtime.nib ... 
2020-04-01 13:40:55 +0000  2130 bytes for ./Base.lproj/Main.storyboardc/UITabBarController-MdC-N8-zf5.nib/runtime.nib
2020-04-01 13:40:55 +0000  copying file ./Base.lproj/Main.storyboardc/Info.plist ... 
2020-04-01 13:40:55 +0000  264 bytes for ./Base.lproj/Main.storyboardc/Info.plist
2020-04-01 13:40:55 +0000  copying file ./Base.lproj/LaunchScreen.storyboardc/01J-lp-oVM-view-Ze5-6b-2t3.nib/objects-13.0+.nib ... 
2020-04-01 13:40:55 +0000  1197 bytes for ./Base.lproj/LaunchScreen.storyboardc/01J-lp-oVM-view-Ze5-6b-2t3.nib/objects-13.0+.nib
copying file ./Base.lproj/LaunchScreen.storyboardc/01J-lp-oVM-view-Ze5-6b-2t3.nib/runtime.nib ... 
2020-04-01 13:40:55 +0000  2052 bytes for ./Base.lproj/LaunchScreen.storyboardc/01J-lp-oVM-view-Ze5-6b-2t3.nib/runtime.nib
2020-04-01 13:40:55 +0000  copying file ./Base.lproj/LaunchScreen.storyboardc/UIViewController-01J-lp-oVM.nib/objects-13.0+.nib ... 
2020-04-01 13:40:55 +0000  896 bytes for ./Base.lproj/LaunchScreen.storyboardc/UIViewController-01J-lp-oVM.nib/objects-13.0+.nib
copying file ./Base.lproj/LaunchScreen.storyboardc/UIViewController-01J-lp-oVM.nib/runtime.nib ... 
2020-04-01 13:40:55 +0000  896 bytes for ./Base.lproj/LaunchScreen.storyboardc/UIViewController-01J-lp-oVM.nib/runtime.nib
2020-04-01 13:40:55 +0000  copying file ./Base.lproj/LaunchScreen.storyboardc/Info.plist ... 
2020-04-01 13:40:55 +0000  258 bytes for ./Base.lproj/LaunchScreen.storyboardc/Info.plist
2020-04-01 13:40:55 +0000  copying file ./TICSPlayerQuitCell.nib/objects-13.0+.nib ... 
2020-04-01 13:40:55 +0000  3111 bytes for ./TICSPlayerQuitCell.nib/objects-13.0+.nib
copying file ./TICSPlayerQuitCell.nib/runtime.nib ... 
2020-04-01 13:40:55 +0000  2915 bytes for ./TICSPlayerQuitCell.nib/runtime.nib
2020-04-01 13:40:55 +0000  copying file ./TICampRateCell.nib/objects-13.0+.nib ... 
2020-04-01 13:40:55 +0000  8935 bytes for ./TICampRateCell.nib/objects-13.0+.nib
2020-04-01 13:40:55 +0000  copying file ./TICampRateCell.nib/runtime.nib ... 
2020-04-01 13:40:55 +0000  8742 bytes for ./TICampRateCell.nib/runtime.nib
2020-04-01 13:40:55 +0000  copying file ./TICSRoundStartcell.nib/objects-13.0+.nib ... 
2020-04-01 13:40:55 +0000  2760 bytes for ./TICSRoundStartcell.nib/objects-13.0+.nib
2020-04-01 13:40:55 +0000  copying file ./TICSRoundStartcell.nib/runtime.nib ... 
2020-04-01 13:40:55 +0000  2566 bytes for ./TICSRoundStartcell.nib/runtime.nib
2020-04-01 13:40:55 +0000  copying file ./TIGroupBattleCell.nib/objects-13.0+.nib ... 
2020-04-01 13:40:55 +0000  6509 bytes for ./TIGroupBattleCell.nib/objects-13.0+.nib
2020-04-01 13:40:55 +0000  copying file ./TIGroupBattleCell.nib/runtime.nib ... 
2020-04-01 13:40:55 +0000  6202 bytes for ./TIGroupBattleCell.nib/runtime.nib
2020-04-01 13:40:55 +0000  copying file ./TICSLiveDetailCell.nib/objects-13.0+.nib ... 
2020-04-01 13:40:55 +0000  9670 bytes for ./TICSLiveDetailCell.nib/objects-13.0+.nib
2020-04-01 13:40:55 +0000  copying file ./TICSLiveDetailCell.nib/runtime.nib ... 
2020-04-01 13:40:55 +0000  9395 bytes for ./TICSLiveDetailCell.nib/runtime.nib
2020-04-01 13:40:55 +0000  copying file ./TIHistoryBattleCell.nib/objects-13.0+.nib ... 
2020-04-01 13:40:55 +0000  15519 bytes for ./TIHistoryBattleCell.nib/objects-13.0+.nib
2020-04-01 13:40:55 +0000  copying file ./TIHistoryBattleCell.nib/runtime.nib ... 
2020-04-01 13:40:55 +0000  15319 bytes for ./TIHistoryBattleCell.nib/runtime.nib
2020-04-01 13:40:55 +0000  copying file ./Assets.car ... 
2020-04-01 13:40:55 +0000  140883416 bytes for ./Assets.car
2020-04-01 13:40:55 +0000  copying file ./TIPlayerCell.nib/objects-13.0+.nib ... 
2020-04-01 13:40:55 +0000  18311 bytes for ./TIPlayerCell.nib/objects-13.0+.nib
copying file ./TIPlayerCell.nib/runtime.nib ... 
2020-04-01 13:40:55 +0000  18112 bytes for ./TIPlayerCell.nib/runtime.nib
2020-04-01 13:40:55 +0000  copying file ./TILiveTextCell.nib/objects-13.0+.nib ... 
2020-04-01 13:40:55 +0000  23623 bytes for ./TILiveTextCell.nib/objects-13.0+.nib
copying file ./TILiveTextCell.nib/runtime.nib ... 
2020-04-01 13:40:55 +0000  23425 bytes for ./TILiveTextCell.nib/runtime.nib
2020-04-01 13:40:55 +0000  copying file ./钛电竞Test ... 
2020-04-01 13:40:56 +0000  58171376 bytes for ./钛电竞Test
2020-04-01 13:40:56 +0000  copying file ./TIBattleArrayVC.nib/objects-13.0+.nib ... 
26037 bytes for ./TIBattleArrayVC.nib/objects-13.0+.nib
copying file ./TIBattleArrayVC.nib/objects-11.0+.nib ... 
2020-04-01 13:40:56 +0000  25959 bytes for ./TIBattleArrayVC.nib/objects-11.0+.nib
2020-04-01 13:40:56 +0000  copying file ./TIBattleArrayVC.nib/runtime.nib ... 
2020-04-01 13:40:56 +0000  25293 bytes for ./TIBattleArrayVC.nib/runtime.nib
2020-04-01 13:40:56 +0000  copying file ./embedded.mobileprovision ... 
2020-04-01 13:40:56 +0000  14589 bytes for ./embedded.mobileprovision
copying file ./Info.plist ... 
2020-04-01 13:40:56 +0000  1444 bytes for ./Info.plist
2020-04-01 13:40:56 +0000  copying file ./TIHistoryBattleDetailCell.nib/objects-13.0+.nib ... 
2020-04-01 13:40:56 +0000  8495 bytes for ./TIHistoryBattleDetailCell.nib/objects-13.0+.nib
copying file ./TIHistoryBattleDetailCell.nib/runtime.nib ... 
2020-04-01 13:40:56 +0000  8255 bytes for ./TIHistoryBattleDetailCell.nib/runtime.nib
2020-04-01 13:40:56 +0000  copying file ./PkgInfo ... 
2020-04-01 13:40:56 +0000  8 bytes for ./PkgInfo
2020-04-01 13:40:56 +0000  copying file ./TICSBombPlantedCell.nib/objects-13.0+.nib ... 
2020-04-01 13:40:56 +0000  2873 bytes for ./TICSBombPlantedCell.nib/objects-13.0+.nib
copying file ./TICSBombPlantedCell.nib/runtime.nib ... 
2020-04-01 13:40:56 +0000  2680 bytes for ./TICSBombPlantedCell.nib/runtime.nib
2020-04-01 13:40:56 +0000  /usr/bin/ditto exited with 0
2020-04-01 13:40:56 +0000  Processing step: IDEDistributionEmbedProfileStep
2020-04-01 13:40:56 +0000  Processing step: IDEDistributionAppThinningPlistStep
2020-04-01 13:40:56 +0000  Skipping step: IDEDistributionAppThinningPlistStep because it said so
2020-04-01 13:40:56 +0000  Processing step: IDEDistributionCompileBitcodeStep
2020-04-01 13:40:56 +0000  Skipping step: IDEDistributionCompileBitcodeStep because it said so
2020-04-01 13:40:56 +0000  Processing step: IDEDistributionCodeSlimmingStep
2020-04-01 13:40:56 +0000  Processing step: IDEDistributionCopyBCSymbolMapsStep
2020-04-01 13:40:56 +0000  Skipping step: IDEDistributionCopyBCSymbolMapsStep because it said so
2020-04-01 13:40:56 +0000  Processing step: IDEDistributionSymbolsStep
2020-04-01 13:40:56 +0000  Skipping step: IDEDistributionSymbolsStep because it said so
2020-04-01 13:40:56 +0000  Processing step: IDEDistributionAppThinningStep
2020-04-01 13:40:56 +0000  Skipping step: IDEDistributionAppThinningStep because it said so
2020-04-01 13:40:56 +0000  Processing step: IDEDistributionArchThinningStep
2020-04-01 13:40:56 +0000  Running /Applications/Xcode.app/Contents/Developer/Toolchains/XcodeDefault.xctoolchain/usr/bin/lipo '/var/folders/1g/qf8kqrds3qndwrgbv4qxb9vh0000gn/T/XcodeDistPipeline.~~~Sduuob/Root/Payload/钛电竞Test.app/钛电竞Test' '-verify_arch' 'arm64e'
2020-04-01 13:40:56 +0000  /Applications/Xcode.app/Contents/Developer/Toolchains/XcodeDefault.xctoolchain/usr/bin/lipo exited with 1
2020-04-01 13:40:56 +0000  Skipping architecture thinning for item "钛电竞Test" because arch "arm64e" wasn't found
2020-04-01 13:40:56 +0000  Processing step: IDEDistributionODRStep
2020-04-01 13:40:56 +0000  Processing step: IDEDistributionStripXattrsStep
2020-04-01 13:40:56 +0000  Running /usr/bin/xattr '-crs' '/var/folders/1g/qf8kqrds3qndwrgbv4qxb9vh0000gn/T/XcodeDistPipeline.~~~Sduuob/Root/Payload/钛电竞Test.app'
2020-04-01 13:40:56 +0000  /usr/bin/xattr exited with 0
2020-04-01 13:40:56 +0000  Processing step: IDEDistributionCodesignStep
2020-04-01 13:40:56 +0000  Entitlements for <IDEDistributionItem: 0x7fe735396530; bundleID='com.captain.haisidemo', path='<DVTFilePath:0x7fe735c7fe80:'/Users/wangzhangchuan/Library/Developer/Xcode/Archives/2020-04-01/TiGame 2020-4-1, 9.38 PM.xcarchive/Products/Applications/钛电竞Test.app'>', codeSigningInfo='<_DVTCodeSigningInformation_Path: 0x7fe739a03f10; isSigned='1', isAdHocSigned='0', signingCertificate='<DVTSigningCertificate: 0x7fe736f4b4d0; name='Apple Development: wang chuan (CD67V4MWM8)', hash='0C3521EDEA2FE3EE77AE9391F8E0325784C4644A', serialNumber='5D34C6E82EAB908E', certificateKinds='(
    "1.2.840.113635.100.6.1.12",
    "1.2.840.113635.100.6.1.2"
), issueDate='2019-10-11 10:50:32 +0000''>', entitlements='{
    "application-identifier" = "37XF7678WV.com.captain.haisidemo";
    "com.apple.developer.team-identifier" = 37XF7678WV;
    "get-task-allow" = 1;
    "keychain-access-groups" =     (
        "37XF7678WV.com.captain.haisidemo"
    );
}', teamID='37XF7678WV', identifier='com.captain.haisidemo', executablePath='<DVTFilePath:0x7fe736d23140:'/Users/wangzhangchuan/Library/Developer/Xcode/Archives/2020-04-01/TiGame 2020-4-1, 9.38 PM.xcarchive/Products/Applications/钛电竞Test.app/钛电竞Test'>', hardenedRuntime='0'>'>: {
    "application-identifier" = "37XF7678WV.com.captain.haisidemo";
    "com.apple.developer.team-identifier" = 37XF7678WV;
    "get-task-allow" = 1;
    "keychain-access-groups" =     (
        "37XF7678WV.com.captain.haisidemo"
    );
}
2020-04-01 13:40:56 +0000  Writing entitlements for <IDEDistributionItem: 0x7fe735396530; bundleID='com.captain.haisidemo', path='<DVTFilePath:0x7fe735c7fe80:'/Users/wangzhangchuan/Library/Developer/Xcode/Archives/2020-04-01/TiGame 2020-4-1, 9.38 PM.xcarchive/Products/Applications/钛电竞Test.app'>', codeSigningInfo='<_DVTCodeSigningInformation_Path: 0x7fe739a03f10; isSigned='1', isAdHocSigned='0', signingCertificate='<DVTSigningCertificate: 0x7fe734861840; name='Apple Development: wang chuan (CD67V4MWM8)', hash='0C3521EDEA2FE3EE77AE9391F8E0325784C4644A', serialNumber='5D34C6E82EAB908E', certificateKinds='(
    "1.2.840.113635.100.6.1.12",
    "1.2.840.113635.100.6.1.2"
), issueDate='2019-10-11 10:50:32 +0000''>', entitlements='{
    "application-identifier" = "37XF7678WV.com.captain.haisidemo";
    "com.apple.developer.team-identifier" = 37XF7678WV;
    "get-task-allow" = 1;
    "keychain-access-groups" =     (
        "37XF7678WV.com.captain.haisidemo"
    );
}', teamID='37XF7678WV', identifier='com.captain.haisidemo', executablePath='<DVTFilePath:0x7fe736d23140:'/Users/wangzhangchuan/Library/Developer/Xcode/Archives/2020-04-01/TiGame 2020-4-1, 9.38 PM.xcarchive/Products/Applications/钛电竞Test.app/钛电竞Test'>', hardenedRuntime='0'>'> to: /var/folders/1g/qf8kqrds3qndwrgbv4qxb9vh0000gn/T/XcodeDistPipeline.~~~Sduuob/entitlements~~~Q6Gk0j
2020-04-01 13:40:56 +0000  Running /usr/bin/codesign '-vvv' '--force' '--sign' '0C3521EDEA2FE3EE77AE9391F8E0325784C4644A' '--entitlements' '/var/folders/1g/qf8kqrds3qndwrgbv4qxb9vh0000gn/T/XcodeDistPipeline.~~~Sduuob/entitlements~~~Q6Gk0j' '--preserve-metadata=identifier,flags,runtime' '/var/folders/1g/qf8kqrds3qndwrgbv4qxb9vh0000gn/T/XcodeDistPipeline.~~~Sduuob/Root/Payload/钛电竞Test.app'
2020-04-01 13:40:56 +0000  /var/folders/1g/qf8kqrds3qndwrgbv4qxb9vh0000gn/T/XcodeDistPipeline.~~~Sduuob/Root/Payload/钛电竞Test.app: replacing existing signature
2020-04-01 13:40:57 +0000  /var/folders/1g/qf8kqrds3qndwrgbv4qxb9vh0000gn/T/XcodeDistPipeline.~~~Sduuob/Root/Payload/钛电竞Test.app: signed app bundle with Mach-O universal (armv7 arm64) [com.captain.haisidemo]
2020-04-01 13:40:57 +0000  /usr/bin/codesign exited with 0
2020-04-01 13:40:57 +0000  Processing step: IDEDistributionZipODRItemStep
2020-04-01 13:40:57 +0000  Skipping step: IDEDistributionZipODRItemStep because it said so
2020-04-01 13:40:57 +0000  Processing step: IDEDistributionCreateIPAStep
2020-04-01 13:40:57 +0000  Running /usr/bin/ditto '-V' '-c' '-k' '--norsrc' '/var/folders/1g/qf8kqrds3qndwrgbv4qxb9vh0000gn/T/XcodeDistPipeline.~~~Sduuob/Root' '/var/folders/1g/qf8kqrds3qndwrgbv4qxb9vh0000gn/T/XcodeDistPipeline.~~~Sduuob/Packages/TiGame.ipa'
2020-04-01 13:40:57 +0000  >>> Copying /var/folders/1g/qf8kqrds3qndwrgbv4qxb9vh0000gn/T/XcodeDistPipeline.~~~Sduuob/Root 
2020-04-01 13:40:57 +0000  copying file ./Payload/钛电竞Test.app/che.png ... 
2020-04-01 13:40:57 +0000  7850 bytes for ./Payload/钛电竞Test.app/che.png
2020-04-01 13:40:57 +0000  copying file ./Payload/钛电竞Test.app/_CodeSignature/CodeResources ... 
2020-04-01 13:40:57 +0000  54510 bytes for ./Payload/钛电竞Test.app/_CodeSignature/CodeResources
2020-04-01 13:40:57 +0000  copying file ./Payload/钛电竞Test.app/AppIcon20x20@2x.png ... 
2020-04-01 13:40:57 +0000  1458 bytes for ./Payload/钛电竞Test.app/AppIcon20x20@2x.png
2020-04-01 13:40:57 +0000  copying file ./Payload/钛电竞Test.app/TICSBombDefusedCell.nib/objects-13.0+.nib ... 
2020-04-01 13:40:57 +0000  3238 bytes for ./Payload/钛电竞Test.app/TICSBombDefusedCell.nib/objects-13.0+.nib
copying file ./Payload/钛电竞Test.app/TICSBombDefusedCell.nib/runtime.nib ... 
2020-04-01 13:40:57 +0000  3043 bytes for ./Payload/钛电竞Test.app/TICSBombDefusedCell.nib/runtime.nib
2020-04-01 13:40:57 +0000  copying file ./Payload/钛电竞Test.app/TILiveBattleListCell.nib/objects-13.0+.nib ... 
2020-04-01 13:40:57 +0000  9825 bytes for ./Payload/钛电竞Test.app/TILiveBattleListCell.nib/objects-13.0+.nib
copying file ./Payload/钛电竞Test.app/TILiveBattleListCell.nib/runtime.nib ... 
2020-04-01 13:40:57 +0000  9632 bytes for ./Payload/钛电竞Test.app/TILiveBattleListCell.nib/runtime.nib
2020-04-01 13:40:57 +0000  copying file ./Payload/钛电竞Test.app/TICSGOMapCell.nib/objects-13.0+.nib ... 
2020-04-01 13:40:57 +0000  4302 bytes for ./Payload/钛电竞Test.app/TICSGOMapCell.nib/objects-13.0+.nib
2020-04-01 13:40:57 +0000  copying file ./Payload/钛电竞Test.app/TICSGOMapCell.nib/runtime.nib ... 
2020-04-01 13:40:57 +0000  4108 bytes for ./Payload/钛电竞Test.app/TICSGOMapCell.nib/runtime.nib
2020-04-01 13:40:57 +0000  copying file ./Payload/钛电竞Test.app/TIDotaMap.nib/objects-13.0+.nib ... 
2020-04-01 13:40:57 +0000  16872 bytes for ./Payload/钛电竞Test.app/TIDotaMap.nib/objects-13.0+.nib
copying file ./Payload/钛电竞Test.app/TIDotaMap.nib/objects-11.0+.nib ... 
2020-04-01 13:40:57 +0000  16705 bytes for ./Payload/钛电竞Test.app/TIDotaMap.nib/objects-11.0+.nib
copying file ./Payload/钛电竞Test.app/TIDotaMap.nib/runtime.nib ... 
2020-04-01 13:40:57 +0000  16042 bytes for ./Payload/钛电竞Test.app/TIDotaMap.nib/runtime.nib
2020-04-01 13:40:57 +0000  copying file ./Payload/钛电竞Test.app/SGQRCode.bundle/sound.caf ... 
2020-04-01 13:40:57 +0000  129556 bytes for ./Payload/钛电竞Test.app/SGQRCode.bundle/sound.caf
copying file ./Payload/钛电竞Test.app/SGQRCode.bundle/QRCodeScanLine@3x.png ... 
2020-04-01 13:40:57 +0000  3891 bytes for ./Payload/钛电竞Test.app/SGQRCode.bundle/QRCodeScanLine@3x.png
2020-04-01 13:40:57 +0000  copying file ./Payload/钛电竞Test.app/SGQRCode.bundle/en.lproj/Root.strings ... 
546 bytes for ./Payload/钛电竞Test.app/SGQRCode.bundle/en.lproj/Root.strings
2020-04-01 13:40:57 +0000  copying file ./Payload/钛电竞Test.app/SGQRCode.bundle/QRCodeScanLine@2x.png ... 
2020-04-01 13:40:57 +0000  2231 bytes for ./Payload/钛电竞Test.app/SGQRCode.bundle/QRCodeScanLine@2x.png
copying file ./Payload/钛电竞Test.app/SGQRCode.bundle/QRCodeScanLineGrid@3x.png ... 
2020-04-01 13:40:57 +0000  14817 bytes for ./Payload/钛电竞Test.app/SGQRCode.bundle/QRCodeScanLineGrid@3x.png
copying file ./Payload/钛电竞Test.app/SGQRCode.bundle/QRCodeScanLineGrid@2x.png ... 
2020-04-01 13:40:57 +0000  7999 bytes for ./Payload/钛电竞Test.app/SGQRCode.bundle/QRCodeScanLineGrid@2x.png
copying file ./Payload/钛电竞Test.app/SGQRCode.bundle/Root.plist ... 
1456 bytes for ./Payload/钛电竞Test.app/SGQRCode.bundle/Root.plist
copying file ./Payload/钛电竞Test.app/TICSRoundEndCell.nib/objects-13.0+.nib ... 
4823 bytes for ./Payload/钛电竞Test.app/TICSRoundEndCell.nib/objects-13.0+.nib
copying file ./Payload/钛电竞Test.app/TICSRoundEndCell.nib/runtime.nib ... 
4638 bytes for ./Payload/钛电竞Test.app/TICSRoundEndCell.nib/runtime.nib
copying file ./Payload/钛电竞Test.app/AppIcon20x20@3x.png ... 
1987 bytes for ./Payload/钛电竞Test.app/AppIcon20x20@3x.png
copying file ./Payload/钛电竞Test.app/TICSLogKillCell.nib/objects-13.0+.nib ... 
4274 bytes for ./Payload/钛电竞Test.app/TICSLogKillCell.nib/objects-13.0+.nib
copying file ./Payload/钛电竞Test.app/TICSLogKillCell.nib/runtime.nib ... 
4011 bytes for ./Payload/钛电竞Test.app/TICSLogKillCell.nib/runtime.nib
copying file ./Payload/钛电竞Test.app/MJRefresh.bundle/zh-Hans.lproj/Localizable.strings ... 
2020-04-01 13:40:57 +0000  1194 bytes for ./Payload/钛电竞Test.app/MJRefresh.bundle/zh-Hans.lproj/Localizable.strings
copying file ./Payload/钛电竞Test.app/MJRefresh.bundle/en.lproj/Localizable.strings ... 
2020-04-01 13:40:57 +0000  1374 bytes for ./Payload/钛电竞Test.app/MJRefresh.bundle/en.lproj/Localizable.strings
2020-04-01 13:40:57 +0000  copying file ./Payload/钛电竞Test.app/MJRefresh.bundle/uk.lproj/Localizable.strings ... 
1534 bytes for ./Payload/钛电竞Test.app/MJRefresh.bundle/uk.lproj/Localizable.strings
2020-04-01 13:40:57 +0000  copying file ./Payload/钛电竞Test.app/MJRefresh.bundle/arrow@2x.png ... 
2020-04-01 13:40:57 +0000  1033 bytes for ./Payload/钛电竞Test.app/MJRefresh.bundle/arrow@2x.png
copying file ./Payload/钛电竞Test.app/MJRefresh.bundle/ko.lproj/Localizable.strings ... 
2020-04-01 13:40:57 +0000  771 bytes for ./Payload/钛电竞Test.app/MJRefresh.bundle/ko.lproj/Localizable.strings
copying file ./Payload/钛电竞Test.app/MJRefresh.bundle/zh-Hant.lproj/Localizable.strings ... 
2020-04-01 13:40:57 +0000  773 bytes for ./Payload/钛电竞Test.app/MJRefresh.bundle/zh-Hant.lproj/Localizable.strings
2020-04-01 13:40:57 +0000  copying file ./Payload/钛电竞Test.app/MJRefresh.bundle/ru.lproj/Localizable.strings ... 
1502 bytes for ./Payload/钛电竞Test.app/MJRefresh.bundle/ru.lproj/Localizable.strings
2020-04-01 13:40:57 +0000  copying file ./Payload/钛电竞Test.app/TIRecentGameCell.nib/objects-13.0+.nib ... 
2020-04-01 13:40:57 +0000  7775 bytes for ./Payload/钛电竞Test.app/TIRecentGameCell.nib/objects-13.0+.nib
copying file ./Payload/钛电竞Test.app/TIRecentGameCell.nib/runtime.nib ... 
2020-04-01 13:40:57 +0000  7587 bytes for ./Payload/钛电竞Test.app/TIRecentGameCell.nib/runtime.nib
2020-04-01 13:40:57 +0000  copying file ./Payload/钛电竞Test.app/TIDotaMapLiveVC.nib/objects-13.0+.nib ... 
2020-04-01 13:40:57 +0000  28495 bytes for ./Payload/钛电竞Test.app/TIDotaMapLiveVC.nib/objects-13.0+.nib
copying file ./Payload/钛电竞Test.app/TIDotaMapLiveVC.nib/objects-11.0+.nib ... 
2020-04-01 13:40:57 +0000  28340 bytes for ./Payload/钛电竞Test.app/TIDotaMapLiveVC.nib/objects-11.0+.nib
copying file ./Payload/钛电竞Test.app/TIDotaMapLiveVC.nib/runtime.nib ... 
2020-04-01 13:40:57 +0000  27679 bytes for ./Payload/钛电竞Test.app/TIDotaMapLiveVC.nib/runtime.nib
2020-04-01 13:40:57 +0000  copying file ./Payload/钛电竞Test.app/AppIcon60x60@2x.png ... 
2020-04-01 13:40:57 +0000  4345 bytes for ./Payload/钛电竞Test.app/AppIcon60x60@2x.png
copying file ./Payload/钛电竞Test.app/IQKeyboardManager.bundle/IQButtonBarArrowRight@2x.png ... 
2020-04-01 13:40:57 +0000  1786 bytes for ./Payload/钛电竞Test.app/IQKeyboardManager.bundle/IQButtonBarArrowRight@2x.png
copying file ./Payload/钛电竞Test.app/IQKeyboardManager.bundle/IQButtonBarArrowUp@3x.png ... 
2020-04-01 13:40:57 +0000  2164 bytes for ./Payload/钛电竞Test.app/IQKeyboardManager.bundle/IQButtonBarArrowUp@3x.png
copying file ./Payload/钛电竞Test.app/IQKeyboardManager.bundle/IQButtonBarArrowUp@2x.png ... 
2020-04-01 13:40:57 +0000  1769 bytes for ./Payload/钛电竞Test.app/IQKeyboardManager.bundle/IQButtonBarArrowUp@2x.png
copying file ./Payload/钛电竞Test.app/IQKeyboardManager.bundle/IQButtonBarArrowRight@3x.png ... 
2020-04-01 13:40:57 +0000  1844 bytes for ./Payload/钛电竞Test.app/IQKeyboardManager.bundle/IQButtonBarArrowRight@3x.png
copying file ./Payload/钛电竞Test.app/IQKeyboardManager.bundle/IQButtonBarArrowLeft@3x.png ... 
2020-04-01 13:40:57 +0000  1815 bytes for ./Payload/钛电竞Test.app/IQKeyboardManager.bundle/IQButtonBarArrowLeft@3x.png
copying file ./Payload/钛电竞Test.app/IQKeyboardManager.bundle/IQButtonBarArrowDown@3x.png ... 
2020-04-01 13:40:57 +0000  2177 bytes for ./Payload/钛电竞Test.app/IQKeyboardManager.bundle/IQButtonBarArrowDown@3x.png
copying file ./Payload/钛电竞Test.app/IQKeyboardManager.bundle/IQButtonBarArrowDown@2x.png ... 
2020-04-01 13:40:57 +0000  1764 bytes for ./Payload/钛电竞Test.app/IQKeyboardManager.bundle/IQButtonBarArrowDown@2x.png
2020-04-01 13:40:57 +0000  copying file ./Payload/钛电竞Test.app/IQKeyboardManager.bundle/IQButtonBarArrowLeft@2x.png ... 
2020-04-01 13:40:57 +0000  1793 bytes for ./Payload/钛电竞Test.app/IQKeyboardManager.bundle/IQButtonBarArrowLeft@2x.png
copying file ./Payload/钛电竞Test.app/AppIcon29x29@2x.png ... 
2020-04-01 13:40:57 +0000  2007 bytes for ./Payload/钛电竞Test.app/AppIcon29x29@2x.png
2020-04-01 13:40:57 +0000  copying file ./Payload/钛电竞Test.app/TIDotaTeamInfoCell.nib/objects-13.0+.nib ... 
2020-04-01 13:40:57 +0000  13124 bytes for ./Payload/钛电竞Test.app/TIDotaTeamInfoCell.nib/objects-13.0+.nib
copying file ./Payload/钛电竞Test.app/TIDotaTeamInfoCell.nib/runtime.nib ... 
2020-04-01 13:40:57 +0000  12927 bytes for ./Payload/钛电竞Test.app/TIDotaTeamInfoCell.nib/runtime.nib
2020-04-01 13:40:57 +0000  copying file ./Payload/钛电竞Test.app/TITeamVSCell.nib/objects-13.0+.nib ... 
2020-04-01 13:40:57 +0000  4087 bytes for ./Payload/钛电竞Test.app/TITeamVSCell.nib/objects-13.0+.nib
copying file ./Payload/钛电竞Test.app/TITeamVSCell.nib/runtime.nib ... 
2020-04-01 13:40:57 +0000  3898 bytes for ./Payload/钛电竞Test.app/TITeamVSCell.nib/runtime.nib
2020-04-01 13:40:57 +0000  copying file ./Payload/钛电竞Test.app/AppIcon40x40@3x.png ... 
2020-04-01 13:40:57 +0000  4345 bytes for ./Payload/钛电竞Test.app/AppIcon40x40@3x.png
2020-04-01 13:40:57 +0000  copying file ./Payload/钛电竞Test.app/TZImagePickerController.bundle/de.lproj/Localizable.strings ... 
2020-04-01 13:40:57 +0000  1737 bytes for ./Payload/钛电竞Test.app/TZImagePickerController.bundle/de.lproj/Localizable.strings
2020-04-01 13:40:57 +0000  copying file ./Payload/钛电竞Test.app/TZImagePickerController.bundle/he.lproj/Localizable.strings ... 
953 bytes for ./Payload/钛电竞Test.app/TZImagePickerController.bundle/he.lproj/Localizable.strings
2020-04-01 13:40:57 +0000  copying file ./Payload/钛电竞Test.app/TZImagePickerController.bundle/ar.lproj/Localizable.strings ... 
2020-04-01 13:40:57 +0000  2068 bytes for ./Payload/钛电竞Test.app/TZImagePickerController.bundle/ar.lproj/Localizable.strings
copying file ./Payload/钛电竞Test.app/TZImagePickerController.bundle/el.lproj/Localizable.strings ... 
2020-04-01 13:40:57 +0000  1151 bytes for ./Payload/钛电竞Test.app/TZImagePickerController.bundle/el.lproj/Localizable.strings
copying file ./Payload/钛电竞Test.app/TZImagePickerController.bundle/takePicture@2x.png ... 
2020-04-01 13:40:57 +0000  3054 bytes for ./Payload/钛电竞Test.app/TZImagePickerController.bundle/takePicture@2x.png
2020-04-01 13:40:57 +0000  copying file ./Payload/钛电竞Test.app/TZImagePickerController.bundle/zh-Hans.lproj/Localizable.strings ... 
2020-04-01 13:40:57 +0000  2428 bytes for ./Payload/钛电竞Test.app/TZImagePickerController.bundle/zh-Hans.lproj/Localizable.strings
2020-04-01 13:40:57 +0000  copying file ./Payload/钛电竞Test.app/TZImagePickerController.bundle/ja.lproj/Localizable.strings ... 
2020-04-01 13:40:57 +0000  1956 bytes for ./Payload/钛电竞Test.app/TZImagePickerController.bundle/ja.lproj/Localizable.strings
2020-04-01 13:40:57 +0000  copying file ./Payload/钛电竞Test.app/TZImagePickerController.bundle/photo_sel_photoPickerVc@2x.png ... 
2020-04-01 13:40:57 +0000  1006 bytes for ./Payload/钛电竞Test.app/TZImagePickerController.bundle/photo_sel_photoPickerVc@2x.png
2020-04-01 13:40:57 +0000  copying file ./Payload/钛电竞Test.app/TZImagePickerController.bundle/en.lproj/Localizable.strings ... 
2020-04-01 13:40:57 +0000  3138 bytes for ./Payload/钛电竞Test.app/TZImagePickerController.bundle/en.lproj/Localizable.strings
2020-04-01 13:40:57 +0000  copying file ./Payload/钛电竞Test.app/TZImagePickerController.bundle/uk.lproj/Localizable.strings ... 
2020-04-01 13:40:57 +0000  1096 bytes for ./Payload/钛电竞Test.app/TZImagePickerController.bundle/uk.lproj/Localizable.strings
2020-04-01 13:40:57 +0000  copying file ./Payload/钛电竞Test.app/TZImagePickerController.bundle/MMVideoPreviewPlayHL@2x.png ... 
2020-04-01 13:40:57 +0000  3645 bytes for ./Payload/钛电竞Test.app/TZImagePickerController.bundle/MMVideoPreviewPlayHL@2x.png
2020-04-01 13:40:57 +0000  copying file ./Payload/钛电竞Test.app/TZImagePickerController.bundle/es.lproj/Localizable.strings ... 
2020-04-01 13:40:57 +0000  1685 bytes for ./Payload/钛电竞Test.app/TZImagePickerController.bundle/es.lproj/Localizable.strings
copying file ./Payload/钛电竞Test.app/TZImagePickerController.bundle/photo_sel_previewVc@2x.png ... 
2020-04-01 13:40:57 +0000  1183 bytes for ./Payload/钛电竞Test.app/TZImagePickerController.bundle/photo_sel_previewVc@2x.png
2020-04-01 13:40:57 +0000  copying file ./Payload/钛电竞Test.app/TZImagePickerController.bundle/MMVideoPreviewPlay@2x.png ... 
2020-04-01 13:40:57 +0000  3645 bytes for ./Payload/钛电竞Test.app/TZImagePickerController.bundle/MMVideoPreviewPlay@2x.png
2020-04-01 13:40:57 +0000  copying file ./Payload/钛电竞Test.app/TZImagePickerController.bundle/it.lproj/Localizable.strings ... 
2020-04-01 13:40:57 +0000  873 bytes for ./Payload/钛电竞Test.app/TZImagePickerController.bundle/it.lproj/Localizable.strings
2020-04-01 13:40:57 +0000  copying file ./Payload/钛电竞Test.app/TZImagePickerController.bundle/bg.lproj/Localizable.strings ... 
2020-04-01 13:40:57 +0000  1080 bytes for ./Payload/钛电竞Test.app/TZImagePickerController.bundle/bg.lproj/Localizable.strings
2020-04-01 13:40:57 +0000  copying file ./Payload/钛电竞Test.app/TZImagePickerController.bundle/sk.lproj/Localizable.strings ... 
2020-04-01 13:40:57 +0000  879 bytes for ./Payload/钛电竞Test.app/TZImagePickerController.bundle/sk.lproj/Localizable.strings
2020-04-01 13:40:57 +0000  copying file ./Payload/钛电竞Test.app/TZImagePickerController.bundle/preview_original_def@2x.png ... 
2020-04-01 13:40:57 +0000  392 bytes for ./Payload/钛电竞Test.app/TZImagePickerController.bundle/preview_original_def@2x.png
copying file ./Payload/钛电竞Test.app/TZImagePickerController.bundle/sv.lproj/Localizable.strings ... 
2020-04-01 13:40:57 +0000  824 bytes for ./Payload/钛电竞Test.app/TZImagePickerController.bundle/sv.lproj/Localizable.strings
copying file ./Payload/钛电竞Test.app/TZImagePickerController.bundle/photo_def_previewVc@2x.png ... 
2020-04-01 13:40:57 +0000  1155 bytes for ./Payload/钛电竞Test.app/TZImagePickerController.bundle/photo_def_previewVc@2x.png
2020-04-01 13:40:57 +0000  copying file ./Payload/钛电竞Test.app/TZImagePickerController.bundle/ko.lproj/Localizable.strings ... 
2020-04-01 13:40:57 +0000  886 bytes for ./Payload/钛电竞Test.app/TZImagePickerController.bundle/ko.lproj/Localizable.strings
copying file ./Payload/钛电竞Test.app/TZImagePickerController.bundle/photo_original_sel@2x.png ... 
2020-04-01 13:40:57 +0000  620 bytes for ./Payload/钛电竞Test.app/TZImagePickerController.bundle/photo_original_sel@2x.png
copying file ./Payload/钛电竞Test.app/TZImagePickerController.bundle/ko-KP.lproj/Localizable.strings ... 
2020-04-01 13:40:57 +0000  1868 bytes for ./Payload/钛电竞Test.app/TZImagePickerController.bundle/ko-KP.lproj/Localizable.strings
copying file ./Payload/钛电竞Test.app/TZImagePickerController.bundle/zh-Hant.lproj/Localizable.strings ... 
2020-04-01 13:40:57 +0000  2424 bytes for ./Payload/钛电竞Test.app/TZImagePickerController.bundle/zh-Hant.lproj/Localizable.strings
2020-04-01 13:40:57 +0000  copying file ./Payload/钛电竞Test.app/TZImagePickerController.bundle/takePicture80@2x.png ... 
2020-04-01 13:40:57 +0000  1285 bytes for ./Payload/钛电竞Test.app/TZImagePickerController.bundle/takePicture80@2x.png
copying file ./Payload/钛电竞Test.app/TZImagePickerController.bundle/photo_def_photoPickerVc@2x.png ... 
2020-04-01 13:40:57 +0000  1155 bytes for ./Payload/钛电竞Test.app/TZImagePickerController.bundle/photo_def_photoPickerVc@2x.png
copying file ./Payload/钛电竞Test.app/TZImagePickerController.bundle/tr.lproj/Localizable.strings ... 
2020-04-01 13:40:57 +0000  844 bytes for ./Payload/钛电竞Test.app/TZImagePickerController.bundle/tr.lproj/Localizable.strings
2020-04-01 13:40:57 +0000  copying file ./Payload/钛电竞Test.app/TZImagePickerController.bundle/pl.lproj/Localizable.strings ... 
2020-04-01 13:40:57 +0000  858 bytes for ./Payload/钛电竞Test.app/TZImagePickerController.bundle/pl.lproj/Localizable.strings
copying file ./Payload/钛电竞Test.app/TZImagePickerController.bundle/preview_number_icon@2x.png ... 
2020-04-01 13:40:57 +0000  501 bytes for ./Payload/钛电竞Test.app/TZImagePickerController.bundle/preview_number_icon@2x.png
copying file ./Payload/钛电竞Test.app/TZImagePickerController.bundle/vi.lproj/Localizable.strings ... 
2020-04-01 13:40:57 +0000  1899 bytes for ./Payload/钛电竞Test.app/TZImagePickerController.bundle/vi.lproj/Localizable.strings
copying file ./Payload/钛电竞Test.app/TZImagePickerController.bundle/navi_back@2x.png ... 
2020-04-01 13:40:57 +0000  116 bytes for ./Payload/钛电竞Test.app/TZImagePickerController.bundle/navi_back@2x.png
copying file ./Payload/钛电竞Test.app/TZImagePickerController.bundle/ru.lproj/Localizable.strings ... 
2020-04-01 13:40:57 +0000  2276 bytes for ./Payload/钛电竞Test.app/TZImagePickerController.bundle/ru.lproj/Localizable.strings
2020-04-01 13:40:57 +0000  copying file ./Payload/钛电竞Test.app/TZImagePickerController.bundle/cs-CZ.lproj/Localizable.strings ... 
2020-04-01 13:40:57 +0000  822 bytes for ./Payload/钛电竞Test.app/TZImagePickerController.bundle/cs-CZ.lproj/Localizable.strings
copying file ./Payload/钛电竞Test.app/TZImagePickerController.bundle/photo_original_def@2x.png ... 
2020-04-01 13:40:57 +0000  1602 bytes for ./Payload/钛电竞Test.app/TZImagePickerController.bundle/photo_original_def@2x.png
2020-04-01 13:40:57 +0000  copying file ./Payload/钛电竞Test.app/TZImagePickerController.bundle/fr.lproj/Localizable.strings ... 
2020-04-01 13:40:57 +0000  1821 bytes for ./Payload/钛电竞Test.app/TZImagePickerController.bundle/fr.lproj/Localizable.strings
2020-04-01 13:40:57 +0000  copying file ./Payload/钛电竞Test.app/TZImagePickerController.bundle/nl.lproj/Localizable.strings ... 
2020-04-01 13:40:57 +0000  821 bytes for ./Payload/钛电竞Test.app/TZImagePickerController.bundle/nl.lproj/Localizable.strings
copying file ./Payload/钛电竞Test.app/TZImagePickerController.bundle/th.lproj/Localizable.strings ... 
2020-04-01 13:40:57 +0000  1247 bytes for ./Payload/钛电竞Test.app/TZImagePickerController.bundle/th.lproj/Localizable.strings
2020-04-01 13:40:57 +0000  copying file ./Payload/钛电竞Test.app/TZImagePickerController.bundle/pt.lproj/Localizable.strings ... 
2020-04-01 13:40:57 +0000  1716 bytes for ./Payload/钛电竞Test.app/TZImagePickerController.bundle/pt.lproj/Localizable.strings
copying file ./Payload/钛电竞Test.app/TZImagePickerController.bundle/photo_number_icon@2x.png ... 
2020-04-01 13:40:57 +0000  501 bytes for ./Payload/钛电竞Test.app/TZImagePickerController.bundle/photo_number_icon@2x.png
2020-04-01 13:40:57 +0000  copying file ./Payload/钛电竞Test.app/TZImagePickerController.bundle/VideoSendIcon@2x.png ... 
223 bytes for ./Payload/钛电竞Test.app/TZImagePickerController.bundle/VideoSendIcon@2x.png
2020-04-01 13:40:57 +0000  copying file ./Payload/钛电竞Test.app/TZImagePickerController.bundle/ro.lproj/Localizable.strings ... 
887 bytes for ./Payload/钛电竞Test.app/TZImagePickerController.bundle/ro.lproj/Localizable.strings
2020-04-01 13:40:57 +0000  copying file ./Payload/钛电竞Test.app/TIRecentBattleCell.nib/objects-13.0+.nib ... 
2020-04-01 13:40:57 +0000  11903 bytes for ./Payload/钛电竞Test.app/TIRecentBattleCell.nib/objects-13.0+.nib
2020-04-01 13:40:57 +0000  copying file ./Payload/钛电竞Test.app/TIRecentBattleCell.nib/runtime.nib ... 
2020-04-01 13:40:57 +0000  11456 bytes for ./Payload/钛电竞Test.app/TIRecentBattleCell.nib/runtime.nib
2020-04-01 13:40:57 +0000  copying file ./Payload/钛电竞Test.app/TICSLogCell.nib/objects-13.0+.nib ... 
2020-04-01 13:40:57 +0000  3376 bytes for ./Payload/钛电竞Test.app/TICSLogCell.nib/objects-13.0+.nib
2020-04-01 13:40:57 +0000  copying file ./Payload/钛电竞Test.app/TICSLogCell.nib/runtime.nib ... 
2020-04-01 13:40:57 +0000  3179 bytes for ./Payload/钛电竞Test.app/TICSLogCell.nib/runtime.nib
2020-04-01 13:40:57 +0000  copying file ./Payload/钛电竞Test.app/AppIcon40x40@2x.png ... 
2020-04-01 13:40:57 +0000  2877 bytes for ./Payload/钛电竞Test.app/AppIcon40x40@2x.png
2020-04-01 13:40:57 +0000  copying file ./Payload/钛电竞Test.app/TILiveChartCell.nib/objects-13.0+.nib ... 
2020-04-01 13:40:57 +0000  2526 bytes for ./Payload/钛电竞Test.app/TILiveChartCell.nib/objects-13.0+.nib
copying file ./Payload/钛电竞Test.app/TILiveChartCell.nib/runtime.nib ... 
2020-04-01 13:40:57 +0000  2023 bytes for ./Payload/钛电竞Test.app/TILiveChartCell.nib/runtime.nib
2020-04-01 13:40:57 +0000  copying file ./Payload/钛电竞Test.app/TIBattleArrayCoreDataCell.nib/objects-13.0+.nib ... 
2020-04-01 13:40:57 +0000  22170 bytes for ./Payload/钛电竞Test.app/TIBattleArrayCoreDataCell.nib/objects-13.0+.nib
2020-04-01 13:40:57 +0000  copying file ./Payload/钛电竞Test.app/TIBattleArrayCoreDataCell.nib/runtime.nib ... 
2020-04-01 13:40:57 +0000  21895 bytes for ./Payload/钛电竞Test.app/TIBattleArrayCoreDataCell.nib/runtime.nib
2020-04-01 13:40:57 +0000  copying file ./Payload/钛电竞Test.app/AppIcon29x29@3x.png ... 
2020-04-01 13:40:57 +0000  3078 bytes for ./Payload/钛电竞Test.app/AppIcon29x29@3x.png
copying file ./Payload/钛电竞Test.app/TIPlayerVC.nib/objects-13.0+.nib ... 
2020-04-01 13:40:57 +0000  1204 bytes for ./Payload/钛电竞Test.app/TIPlayerVC.nib/objects-13.0+.nib
copying file ./Payload/钛电竞Test.app/TIPlayerVC.nib/runtime.nib ... 
2020-04-01 13:40:57 +0000  1011 bytes for ./Payload/钛电竞Test.app/TIPlayerVC.nib/runtime.nib
2020-04-01 13:40:57 +0000  copying file ./Payload/钛电竞Test.app/AppIcon60x60@3x.png ... 
2020-04-01 13:40:57 +0000  7510 bytes for ./Payload/钛电竞Test.app/AppIcon60x60@3x.png
2020-04-01 13:40:57 +0000  copying file ./Payload/钛电竞Test.app/Base.lproj/Main.storyboardc/5mA-BN-mBx-view-KnG-Xx-pF5.nib/objects-13.0+.nib ... 
2020-04-01 13:40:57 +0000  1197 bytes for ./Payload/钛电竞Test.app/Base.lproj/Main.storyboardc/5mA-BN-mBx-view-KnG-Xx-pF5.nib/objects-13.0+.nib
copying file ./Payload/钛电竞Test.app/Base.lproj/Main.storyboardc/5mA-BN-mBx-view-KnG-Xx-pF5.nib/runtime.nib ... 
2020-04-01 13:40:57 +0000  2054 bytes for ./Payload/钛电竞Test.app/Base.lproj/Main.storyboardc/5mA-BN-mBx-view-KnG-Xx-pF5.nib/runtime.nib
2020-04-01 13:40:57 +0000  copying file ./Payload/钛电竞Test.app/Base.lproj/Main.storyboardc/13c-hD-ZP9-view-BeB-59-qlB.nib/objects-13.0+.nib ... 
2020-04-01 13:40:57 +0000  1197 bytes for ./Payload/钛电竞Test.app/Base.lproj/Main.storyboardc/13c-hD-ZP9-view-BeB-59-qlB.nib/objects-13.0+.nib
copying file ./Payload/钛电竞Test.app/Base.lproj/Main.storyboardc/13c-hD-ZP9-view-BeB-59-qlB.nib/runtime.nib ... 
2020-04-01 13:40:57 +0000  2051 bytes for ./Payload/钛电竞Test.app/Base.lproj/Main.storyboardc/13c-hD-ZP9-view-BeB-59-qlB.nib/runtime.nib
2020-04-01 13:40:57 +0000  copying file ./Payload/钛电竞Test.app/Base.lproj/Main.storyboardc/UITabBarController-MdC-N8-zf5.nib/objects-13.0+.nib ... 
2020-04-01 13:40:57 +0000  2130 bytes for ./Payload/钛电竞Test.app/Base.lproj/Main.storyboardc/UITabBarController-MdC-N8-zf5.nib/objects-13.0+.nib
copying file ./Payload/钛电竞Test.app/Base.lproj/Main.storyboardc/UITabBarController-MdC-N8-zf5.nib/runtime.nib ... 
2020-04-01 13:40:57 +0000  2130 bytes for ./Payload/钛电竞Test.app/Base.lproj/Main.storyboardc/UITabBarController-MdC-N8-zf5.nib/runtime.nib
copying file ./Payload/钛电竞Test.app/Base.lproj/Main.storyboardc/Info.plist ... 
2020-04-01 13:40:57 +0000  264 bytes for ./Payload/钛电竞Test.app/Base.lproj/Main.storyboardc/Info.plist
2020-04-01 13:40:57 +0000  copying file ./Payload/钛电竞Test.app/Base.lproj/LaunchScreen.storyboardc/01J-lp-oVM-view-Ze5-6b-2t3.nib/objects-13.0+.nib ... 
2020-04-01 13:40:57 +0000  1197 bytes for ./Payload/钛电竞Test.app/Base.lproj/LaunchScreen.storyboardc/01J-lp-oVM-view-Ze5-6b-2t3.nib/objects-13.0+.nib
copying file ./Payload/钛电竞Test.app/Base.lproj/LaunchScreen.storyboardc/01J-lp-oVM-view-Ze5-6b-2t3.nib/runtime.nib ... 
2020-04-01 13:40:57 +0000  2052 bytes for ./Payload/钛电竞Test.app/Base.lproj/LaunchScreen.storyboardc/01J-lp-oVM-view-Ze5-6b-2t3.nib/runtime.nib
2020-04-01 13:40:57 +0000  copying file ./Payload/钛电竞Test.app/Base.lproj/LaunchScreen.storyboardc/UIViewController-01J-lp-oVM.nib/objects-13.0+.nib ... 
2020-04-01 13:40:57 +0000  896 bytes for ./Payload/钛电竞Test.app/Base.lproj/LaunchScreen.storyboardc/UIViewController-01J-lp-oVM.nib/objects-13.0+.nib
copying file ./Payload/钛电竞Test.app/Base.lproj/LaunchScreen.storyboardc/UIViewController-01J-lp-oVM.nib/runtime.nib ... 
2020-04-01 13:40:57 +0000  896 bytes for ./Payload/钛电竞Test.app/Base.lproj/LaunchScreen.storyboardc/UIViewController-01J-lp-oVM.nib/runtime.nib
copying file ./Payload/钛电竞Test.app/Base.lproj/LaunchScreen.storyboardc/Info.plist ... 
258 bytes for ./Payload/钛电竞Test.app/Base.lproj/LaunchScreen.storyboardc/Info.plist
2020-04-01 13:40:57 +0000  copying file ./Payload/钛电竞Test.app/TICSPlayerQuitCell.nib/objects-13.0+.nib ... 
2020-04-01 13:40:57 +0000  3111 bytes for ./Payload/钛电竞Test.app/TICSPlayerQuitCell.nib/objects-13.0+.nib
2020-04-01 13:40:57 +0000  copying file ./Payload/钛电竞Test.app/TICSPlayerQuitCell.nib/runtime.nib ... 
2020-04-01 13:40:57 +0000  2915 bytes for ./Payload/钛电竞Test.app/TICSPlayerQuitCell.nib/runtime.nib
2020-04-01 13:40:57 +0000  copying file ./Payload/钛电竞Test.app/TICampRateCell.nib/objects-13.0+.nib ... 
2020-04-01 13:40:57 +0000  8935 bytes for ./Payload/钛电竞Test.app/TICampRateCell.nib/objects-13.0+.nib
2020-04-01 13:40:57 +0000  copying file ./Payload/钛电竞Test.app/TICampRateCell.nib/runtime.nib ... 
2020-04-01 13:40:57 +0000  8742 bytes for ./Payload/钛电竞Test.app/TICampRateCell.nib/runtime.nib
2020-04-01 13:40:57 +0000  copying file ./Payload/钛电竞Test.app/TICSRoundStartcell.nib/objects-13.0+.nib ... 
2020-04-01 13:40:57 +0000  2760 bytes for ./Payload/钛电竞Test.app/TICSRoundStartcell.nib/objects-13.0+.nib
2020-04-01 13:40:57 +0000  copying file ./Payload/钛电竞Test.app/TICSRoundStartcell.nib/runtime.nib ... 
2020-04-01 13:40:57 +0000  2566 bytes for ./Payload/钛电竞Test.app/TICSRoundStartcell.nib/runtime.nib
2020-04-01 13:40:57 +0000  copying file ./Payload/钛电竞Test.app/TIGroupBattleCell.nib/objects-13.0+.nib ... 
2020-04-01 13:40:57 +0000  6509 bytes for ./Payload/钛电竞Test.app/TIGroupBattleCell.nib/objects-13.0+.nib
2020-04-01 13:40:57 +0000  copying file ./Payload/钛电竞Test.app/TIGroupBattleCell.nib/runtime.nib ... 
2020-04-01 13:40:57 +0000  6202 bytes for ./Payload/钛电竞Test.app/TIGroupBattleCell.nib/runtime.nib
2020-04-01 13:40:57 +0000  copying file ./Payload/钛电竞Test.app/TICSLiveDetailCell.nib/objects-13.0+.nib ... 
2020-04-01 13:40:57 +0000  9670 bytes for ./Payload/钛电竞Test.app/TICSLiveDetailCell.nib/objects-13.0+.nib
copying file ./Payload/钛电竞Test.app/TICSLiveDetailCell.nib/runtime.nib ... 
2020-04-01 13:40:57 +0000  9395 bytes for ./Payload/钛电竞Test.app/TICSLiveDetailCell.nib/runtime.nib
2020-04-01 13:40:57 +0000  copying file ./Payload/钛电竞Test.app/TIHistoryBattleCell.nib/objects-13.0+.nib ... 
2020-04-01 13:40:57 +0000  15519 bytes for ./Payload/钛电竞Test.app/TIHistoryBattleCell.nib/objects-13.0+.nib
2020-04-01 13:40:57 +0000  copying file ./Payload/钛电竞Test.app/TIHistoryBattleCell.nib/runtime.nib ... 
2020-04-01 13:40:57 +0000  15319 bytes for ./Payload/钛电竞Test.app/TIHistoryBattleCell.nib/runtime.nib
2020-04-01 13:40:57 +0000  copying file ./Payload/钛电竞Test.app/Assets.car ... 
2020-04-01 13:41:02 +0000  140883416 bytes for ./Payload/钛电竞Test.app/Assets.car
2020-04-01 13:41:02 +0000  copying file ./Payload/钛电竞Test.app/TIPlayerCell.nib/objects-13.0+.nib ... 
2020-04-01 13:41:02 +0000  18311 bytes for ./Payload/钛电竞Test.app/TIPlayerCell.nib/objects-13.0+.nib
copying file ./Payload/钛电竞Test.app/TIPlayerCell.nib/runtime.nib ... 
2020-04-01 13:41:02 +0000  18112 bytes for ./Payload/钛电竞Test.app/TIPlayerCell.nib/runtime.nib
2020-04-01 13:41:02 +0000  copying file ./Payload/钛电竞Test.app/TILiveTextCell.nib/objects-13.0+.nib ... 
2020-04-01 13:41:02 +0000  23623 bytes for ./Payload/钛电竞Test.app/TILiveTextCell.nib/objects-13.0+.nib
copying file ./Payload/钛电竞Test.app/TILiveTextCell.nib/runtime.nib ... 
2020-04-01 13:41:02 +0000  23425 bytes for ./Payload/钛电竞Test.app/TILiveTextCell.nib/runtime.nib
2020-04-01 13:41:02 +0000  copying file ./Payload/钛电竞Test.app/钛电竞Test ... 
2020-04-01 13:41:05 +0000  58171376 bytes for ./Payload/钛电竞Test.app/钛电竞Test
2020-04-01 13:41:05 +0000  copying file ./Payload/钛电竞Test.app/TIBattleArrayVC.nib/objects-13.0+.nib ... 
2020-04-01 13:41:05 +0000  26037 bytes for ./Payload/钛电竞Test.app/TIBattleArrayVC.nib/objects-13.0+.nib
copying file ./Payload/钛电竞Test.app/TIBattleArrayVC.nib/objects-11.0+.nib ... 
2020-04-01 13:41:05 +0000  25959 bytes for ./Payload/钛电竞Test.app/TIBattleArrayVC.nib/objects-11.0+.nib
copying file ./Payload/钛电竞Test.app/TIBattleArrayVC.nib/runtime.nib ... 
2020-04-01 13:41:05 +0000  25293 bytes for ./Payload/钛电竞Test.app/TIBattleArrayVC.nib/runtime.nib
2020-04-01 13:41:05 +0000  copying file ./Payload/钛电竞Test.app/embedded.mobileprovision ... 
2020-04-01 13:41:05 +0000  14589 bytes for ./Payload/钛电竞Test.app/embedded.mobileprovision
copying file ./Payload/钛电竞Test.app/Info.plist ... 
2020-04-01 13:41:05 +0000  1444 bytes for ./Payload/钛电竞Test.app/Info.plist
2020-04-01 13:41:05 +0000  copying file ./Payload/钛电竞Test.app/TIHistoryBattleDetailCell.nib/objects-13.0+.nib ... 
2020-04-01 13:41:05 +0000  8495 bytes for ./Payload/钛电竞Test.app/TIHistoryBattleDetailCell.nib/objects-13.0+.nib
copying file ./Payload/钛电竞Test.app/TIHistoryBattleDetailCell.nib/runtime.nib ... 
2020-04-01 13:41:05 +0000  8255 bytes for ./Payload/钛电竞Test.app/TIHistoryBattleDetailCell.nib/runtime.nib
2020-04-01 13:41:05 +0000  copying file ./Payload/钛电竞Test.app/PkgInfo ... 
8 bytes for ./Payload/钛电竞Test.app/PkgInfo
copying file ./Payload/钛电竞Test.app/TICSBombPlantedCell.nib/objects-13.0+.nib ... 
2020-04-01 13:41:05 +0000  2873 bytes for ./Payload/钛电竞Test.app/TICSBombPlantedCell.nib/objects-13.0+.nib
copying file ./Payload/钛电竞Test.app/TICSBombPlantedCell.nib/runtime.nib ... 
2020-04-01 13:41:05 +0000  2680 bytes for ./Payload/钛电竞Test.app/TICSBombPlantedCell.nib/runtime.nib
2020-04-01 13:41:05 +0000  /usr/bin/ditto exited with 0
2020-04-01 13:41:05 +0000  Processing step: IDEDistributionAppStoreInformationStep
2020-04-01 13:41:05 +0000  Skipping step: IDEDistributionAppStoreInformationStep because it said so
2020-04-01 13:41:05 +0000  Processing step: IDEDistributionGenerateProcessedDistributionItems
2020-04-01 13:41:05 +0000  Processing step: IDEDistributionCreateManifestStep
